/usr/bin/lli

###### Testing test-add1
./microc.native < tests/test-add1.mc > test-add1.ll
llc test-add1.ll > test-add1.s
cc -o test-add1.exe test-add1.s printbig.o
ld: warning: object file (/var/folders/vy/s1gdxgk96mg67k05glr_bd980000gn/T/test-add1-bbf265.o) was built for newer OSX version (14.5) than being linked (10.10)
./test-add1.exe
diff -b test-add1.out tests/test-add1.out > test-add1.diff
###### SUCCESS

###### Testing test-arith1
./microc.native < tests/test-arith1.mc > test-arith1.ll
llc test-arith1.ll > test-arith1.s
cc -o test-arith1.exe test-arith1.s printbig.o
ld: warning: object file (/var/folders/vy/s1gdxgk96mg67k05glr_bd980000gn/T/test-arith1-a22a5b.o) was built for newer OSX version (14.5) than being linked (10.10)
./test-arith1.exe
diff -b test-arith1.out tests/test-arith1.out > test-arith1.diff
###### SUCCESS

###### Testing test-arith2
./microc.native < tests/test-arith2.mc > test-arith2.ll
llc test-arith2.ll > test-arith2.s
cc -o test-arith2.exe test-arith2.s printbig.o
ld: warning: object file (/var/folders/vy/s1gdxgk96mg67k05glr_bd980000gn/T/test-arith2-558f89.o) was built for newer OSX version (14.5) than being linked (10.10)
./test-arith2.exe
diff -b test-arith2.out tests/test-arith2.out > test-arith2.diff
###### SUCCESS

###### Testing test-arith3
./microc.native < tests/test-arith3.mc > test-arith3.ll
llc test-arith3.ll > test-arith3.s
cc -o test-arith3.exe test-arith3.s printbig.o
ld: warning: object file (/var/folders/vy/s1gdxgk96mg67k05glr_bd980000gn/T/test-arith3-872825.o) was built for newer OSX version (14.5) than being linked (10.10)
./test-arith3.exe
diff -b test-arith3.out tests/test-arith3.out > test-arith3.diff
###### SUCCESS

###### Testing test-fib
./microc.native < tests/test-fib.mc > test-fib.ll
llc test-fib.ll > test-fib.s
cc -o test-fib.exe test-fib.s printbig.o
ld: warning: object file (/var/folders/vy/s1gdxgk96mg67k05glr_bd980000gn/T/test-fib-bbe7ef.o) was built for newer OSX version (14.5) than being linked (10.10)
./test-fib.exe
diff -b test-fib.out tests/test-fib.out > test-fib.diff
###### SUCCESS

###### Testing test-for1
./microc.native < tests/test-for1.mc > test-for1.ll
llc test-for1.ll > test-for1.s
cc -o test-for1.exe test-for1.s printbig.o
ld: warning: object file (/var/folders/vy/s1gdxgk96mg67k05glr_bd980000gn/T/test-for1-9e17a0.o) was built for newer OSX version (14.5) than being linked (10.10)
./test-for1.exe
diff -b test-for1.out tests/test-for1.out > test-for1.diff
###### SUCCESS

###### Testing test-for2
./microc.native < tests/test-for2.mc > test-for2.ll
llc test-for2.ll > test-for2.s
cc -o test-for2.exe test-for2.s printbig.o
ld: warning: object file (/var/folders/vy/s1gdxgk96mg67k05glr_bd980000gn/T/test-for2-ab857d.o) was built for newer OSX version (14.5) than being linked (10.10)
./test-for2.exe
diff -b test-for2.out tests/test-for2.out > test-for2.diff
###### SUCCESS

###### Testing test-func1
./microc.native < tests/test-func1.mc > test-func1.ll
llc test-func1.ll > test-func1.s
cc -o test-func1.exe test-func1.s printbig.o
ld: warning: object file (/var/folders/vy/s1gdxgk96mg67k05glr_bd980000gn/T/test-func1-6c4220.o) was built for newer OSX version (14.5) than being linked (10.10)
./test-func1.exe
diff -b test-func1.out tests/test-func1.out > test-func1.diff
###### SUCCESS

###### Testing test-func2
./microc.native < tests/test-func2.mc > test-func2.ll
llc test-func2.ll > test-func2.s
cc -o test-func2.exe test-func2.s printbig.o
ld: warning: object file (/var/folders/vy/s1gdxgk96mg67k05glr_bd980000gn/T/test-func2-0a107e.o) was built for newer OSX version (14.5) than being linked (10.10)
./test-func2.exe
diff -b test-func2.out tests/test-func2.out > test-func2.diff
###### SUCCESS

###### Testing test-func3
./microc.native < tests/test-func3.mc > test-func3.ll
llc test-func3.ll > test-func3.s
cc -o test-func3.exe test-func3.s printbig.o
ld: warning: object file (/var/folders/vy/s1gdxgk96mg67k05glr_bd980000gn/T/test-func3-08752a.o) was built for newer OSX version (14.5) than being linked (10.10)
./test-func3.exe
diff -b test-func3.out tests/test-func3.out > test-func3.diff
###### SUCCESS

###### Testing test-func4
./microc.native < tests/test-func4.mc > test-func4.ll
llc test-func4.ll > test-func4.s
cc -o test-func4.exe test-func4.s printbig.o
ld: warning: object file (/var/folders/vy/s1gdxgk96mg67k05glr_bd980000gn/T/test-func4-22005b.o) was built for newer OSX version (14.5) than being linked (10.10)
./test-func4.exe
diff -b test-func4.out tests/test-func4.out > test-func4.diff
###### SUCCESS

###### Testing test-func5
./microc.native < tests/test-func5.mc > test-func5.ll
llc test-func5.ll > test-func5.s
cc -o test-func5.exe test-func5.s printbig.o
ld: warning: object file (/var/folders/vy/s1gdxgk96mg67k05glr_bd980000gn/T/test-func5-51e258.o) was built for newer OSX version (14.5) than being linked (10.10)
./test-func5.exe
diff -b test-func5.out tests/test-func5.out > test-func5.diff
###### SUCCESS

###### Testing test-func6
./microc.native < tests/test-func6.mc > test-func6.ll
llc test-func6.ll > test-func6.s
cc -o test-func6.exe test-func6.s printbig.o
ld: warning: object file (/var/folders/vy/s1gdxgk96mg67k05glr_bd980000gn/T/test-func6-a0c7c2.o) was built for newer OSX version (14.5) than being linked (10.10)
./test-func6.exe
diff -b test-func6.out tests/test-func6.out > test-func6.diff
###### SUCCESS

###### Testing test-func7
./microc.native < tests/test-func7.mc > test-func7.ll
llc test-func7.ll > test-func7.s
cc -o test-func7.exe test-func7.s printbig.o
ld: warning: object file (/var/folders/vy/s1gdxgk96mg67k05glr_bd980000gn/T/test-func7-1636d6.o) was built for newer OSX version (14.5) than being linked (10.10)
./test-func7.exe
diff -b test-func7.out tests/test-func7.out > test-func7.diff
###### SUCCESS

###### Testing test-func8
./microc.native < tests/test-func8.mc > test-func8.ll
llc test-func8.ll > test-func8.s
cc -o test-func8.exe test-func8.s printbig.o
ld: warning: object file (/var/folders/vy/s1gdxgk96mg67k05glr_bd980000gn/T/test-func8-501d08.o) was built for newer OSX version (14.5) than being linked (10.10)
./test-func8.exe
diff -b test-func8.out tests/test-func8.out > test-func8.diff
###### SUCCESS

###### Testing test-gcd
./microc.native < tests/test-gcd.mc > test-gcd.ll
llc test-gcd.ll > test-gcd.s
cc -o test-gcd.exe test-gcd.s printbig.o
ld: warning: object file (/var/folders/vy/s1gdxgk96mg67k05glr_bd980000gn/T/test-gcd-12500c.o) was built for newer OSX version (14.5) than being linked (10.10)
./test-gcd.exe
diff -b test-gcd.out tests/test-gcd.out > test-gcd.diff
###### SUCCESS

###### Testing test-gcd2
./microc.native < tests/test-gcd2.mc > test-gcd2.ll
llc test-gcd2.ll > test-gcd2.s
cc -o test-gcd2.exe test-gcd2.s printbig.o
ld: warning: object file (/var/folders/vy/s1gdxgk96mg67k05glr_bd980000gn/T/test-gcd2-605c1d.o) was built for newer OSX version (14.5) than being linked (10.10)
./test-gcd2.exe
diff -b test-gcd2.out tests/test-gcd2.out > test-gcd2.diff
###### SUCCESS

###### Testing test-global1
./microc.native < tests/test-global1.mc > test-global1.ll
llc test-global1.ll > test-global1.s
cc -o test-global1.exe test-global1.s printbig.o
ld: warning: object file (/var/folders/vy/s1gdxgk96mg67k05glr_bd980000gn/T/test-global1-90d8aa.o) was built for newer OSX version (14.5) than being linked (10.10)
./test-global1.exe
diff -b test-global1.out tests/test-global1.out > test-global1.diff
###### SUCCESS

###### Testing test-global2
./microc.native < tests/test-global2.mc > test-global2.ll
llc test-global2.ll > test-global2.s
cc -o test-global2.exe test-global2.s printbig.o
ld: warning: object file (/var/folders/vy/s1gdxgk96mg67k05glr_bd980000gn/T/test-global2-6361ae.o) was built for newer OSX version (14.5) than being linked (10.10)
./test-global2.exe
diff -b test-global2.out tests/test-global2.out > test-global2.diff
###### SUCCESS

###### Testing test-global3
./microc.native < tests/test-global3.mc > test-global3.ll
llc test-global3.ll > test-global3.s
cc -o test-global3.exe test-global3.s printbig.o
ld: warning: object file (/var/folders/vy/s1gdxgk96mg67k05glr_bd980000gn/T/test-global3-503c57.o) was built for newer OSX version (14.5) than being linked (10.10)
./test-global3.exe
diff -b test-global3.out tests/test-global3.out > test-global3.diff
###### SUCCESS

###### Testing test-hello
./microc.native < tests/test-hello.mc > test-hello.ll
llc test-hello.ll > test-hello.s
cc -o test-hello.exe test-hello.s printbig.o
ld: warning: object file (/var/folders/vy/s1gdxgk96mg67k05glr_bd980000gn/T/test-hello-b6e656.o) was built for newer OSX version (14.5) than being linked (10.10)
./test-hello.exe
diff -b test-hello.out tests/test-hello.out > test-hello.diff
###### SUCCESS

###### Testing test-if1
./microc.native < tests/test-if1.mc > test-if1.ll
llc test-if1.ll > test-if1.s
cc -o test-if1.exe test-if1.s printbig.o
ld: warning: object file (/var/folders/vy/s1gdxgk96mg67k05glr_bd980000gn/T/test-if1-cc4bc8.o) was built for newer OSX version (14.5) than being linked (10.10)
./test-if1.exe
diff -b test-if1.out tests/test-if1.out > test-if1.diff
###### SUCCESS

###### Testing test-if2
./microc.native < tests/test-if2.mc > test-if2.ll
llc test-if2.ll > test-if2.s
cc -o test-if2.exe test-if2.s printbig.o
ld: warning: object file (/var/folders/vy/s1gdxgk96mg67k05glr_bd980000gn/T/test-if2-d156df.o) was built for newer OSX version (14.5) than being linked (10.10)
./test-if2.exe
diff -b test-if2.out tests/test-if2.out > test-if2.diff
###### SUCCESS

###### Testing test-if3
./microc.native < tests/test-if3.mc > test-if3.ll
llc test-if3.ll > test-if3.s
cc -o test-if3.exe test-if3.s printbig.o
ld: warning: object file (/var/folders/vy/s1gdxgk96mg67k05glr_bd980000gn/T/test-if3-748544.o) was built for newer OSX version (14.5) than being linked (10.10)
./test-if3.exe
diff -b test-if3.out tests/test-if3.out > test-if3.diff
###### SUCCESS

###### Testing test-if4
./microc.native < tests/test-if4.mc > test-if4.ll
llc test-if4.ll > test-if4.s
cc -o test-if4.exe test-if4.s printbig.o
ld: warning: object file (/var/folders/vy/s1gdxgk96mg67k05glr_bd980000gn/T/test-if4-f9c8da.o) was built for newer OSX version (14.5) than being linked (10.10)
./test-if4.exe
diff -b test-if4.out tests/test-if4.out > test-if4.diff
###### SUCCESS

###### Testing test-if5
./microc.native < tests/test-if5.mc > test-if5.ll
llc test-if5.ll > test-if5.s
cc -o test-if5.exe test-if5.s printbig.o
ld: warning: object file (/var/folders/vy/s1gdxgk96mg67k05glr_bd980000gn/T/test-if5-52d282.o) was built for newer OSX version (14.5) than being linked (10.10)
./test-if5.exe
diff -b test-if5.out tests/test-if5.out > test-if5.diff
###### SUCCESS

###### Testing test-local1
./microc.native < tests/test-local1.mc > test-local1.ll
llc test-local1.ll > test-local1.s
cc -o test-local1.exe test-local1.s printbig.o
ld: warning: object file (/var/folders/vy/s1gdxgk96mg67k05glr_bd980000gn/T/test-local1-b24097.o) was built for newer OSX version (14.5) than being linked (10.10)
./test-local1.exe
diff -b test-local1.out tests/test-local1.out > test-local1.diff
###### SUCCESS

###### Testing test-local2
./microc.native < tests/test-local2.mc > test-local2.ll
llc test-local2.ll > test-local2.s
cc -o test-local2.exe test-local2.s printbig.o
ld: warning: object file (/var/folders/vy/s1gdxgk96mg67k05glr_bd980000gn/T/test-local2-a714c0.o) was built for newer OSX version (14.5) than being linked (10.10)
./test-local2.exe
diff -b test-local2.out tests/test-local2.out > test-local2.diff
###### SUCCESS

###### Testing test-ops1
./microc.native < tests/test-ops1.mc > test-ops1.ll
llc test-ops1.ll > test-ops1.s
cc -o test-ops1.exe test-ops1.s printbig.o
ld: warning: object file (/var/folders/vy/s1gdxgk96mg67k05glr_bd980000gn/T/test-ops1-e43e19.o) was built for newer OSX version (14.5) than being linked (10.10)
./test-ops1.exe
diff -b test-ops1.out tests/test-ops1.out > test-ops1.diff
###### SUCCESS

###### Testing test-ops2
./microc.native < tests/test-ops2.mc > test-ops2.ll
llc test-ops2.ll > test-ops2.s
cc -o test-ops2.exe test-ops2.s printbig.o
ld: warning: object file (/var/folders/vy/s1gdxgk96mg67k05glr_bd980000gn/T/test-ops2-cd602c.o) was built for newer OSX version (14.5) than being linked (10.10)
./test-ops2.exe
diff -b test-ops2.out tests/test-ops2.out > test-ops2.diff
###### SUCCESS

###### Testing test-printbig
./microc.native < tests/test-printbig.mc > test-printbig.ll
llc test-printbig.ll > test-printbig.s
cc -o test-printbig.exe test-printbig.s printbig.o
ld: warning: object file (/var/folders/vy/s1gdxgk96mg67k05glr_bd980000gn/T/test-printbig-59ce5e.o) was built for newer OSX version (14.5) than being linked (10.10)
./test-printbig.exe
diff -b test-printbig.out tests/test-printbig.out > test-printbig.diff
###### SUCCESS

###### Testing test-stringdecl
./microc.native < tests/test-stringdecl.mc > test-stringdecl.ll
llc test-stringdecl.ll > test-stringdecl.s
cc -o test-stringdecl.exe test-stringdecl.s printbig.o
ld: warning: object file (/var/folders/vy/s1gdxgk96mg67k05glr_bd980000gn/T/test-stringdecl-f9a313.o) was built for newer OSX version (14.5) than being linked (10.10)
./test-stringdecl.exe
diff -b test-stringdecl.out tests/test-stringdecl.out > test-stringdecl.diff
###### SUCCESS

###### Testing test-stringprint
./microc.native < tests/test-stringprint.mc > test-stringprint.ll
llc test-stringprint.ll > test-stringprint.s
cc -o test-stringprint.exe test-stringprint.s printbig.o
ld: warning: object file (/var/folders/vy/s1gdxgk96mg67k05glr_bd980000gn/T/test-stringprint-2b4c87.o) was built for newer OSX version (14.5) than being linked (10.10)
./test-stringprint.exe
diff -b test-stringprint.out tests/test-stringprint.out > test-stringprint.diff
###### SUCCESS

###### Testing test-stringreturn
./microc.native < tests/test-stringreturn.mc > test-stringreturn.ll
Assertion failed: (isa<X>(Val) && "cast<Ty>() argument of incompatible type!"), function cast, file /private/tmp/llvm@3.7-20170130-95292-rmy5z9/llvm-3.7.1.src/include/llvm/Support/Casting.h, line 237.
./testall.sh: line 63: 26593 Abort trap: 6           ./microc.native < tests/test-stringreturn.mc > test-stringreturn.ll
###### FAILED

###### Testing test-struct1
./microc.native < tests/test-struct1.mc > test-struct1.ll
llc test-struct1.ll > test-struct1.s
cc -o test-struct1.exe test-struct1.s printbig.o
ld: warning: object file (/var/folders/vy/s1gdxgk96mg67k05glr_bd980000gn/T/test-struct1-7234ee.o) was built for newer OSX version (14.5) than being linked (10.10)
./test-struct1.exe
diff -b test-struct1.out tests/test-struct1.out > test-struct1.diff
###### SUCCESS

###### Testing test-var1
./microc.native < tests/test-var1.mc > test-var1.ll
llc test-var1.ll > test-var1.s
cc -o test-var1.exe test-var1.s printbig.o
ld: warning: object file (/var/folders/vy/s1gdxgk96mg67k05glr_bd980000gn/T/test-var1-f608ae.o) was built for newer OSX version (14.5) than being linked (10.10)
./test-var1.exe
diff -b test-var1.out tests/test-var1.out > test-var1.diff
###### SUCCESS

###### Testing test-var2
./microc.native < tests/test-var2.mc > test-var2.ll
llc test-var2.ll > test-var2.s
cc -o test-var2.exe test-var2.s printbig.o
ld: warning: object file (/var/folders/vy/s1gdxgk96mg67k05glr_bd980000gn/T/test-var2-3620a6.o) was built for newer OSX version (14.5) than being linked (10.10)
./test-var2.exe
diff -b test-var2.out tests/test-var2.out > test-var2.diff
###### SUCCESS

###### Testing test-while1
./microc.native < tests/test-while1.mc > test-while1.ll
llc test-while1.ll > test-while1.s
cc -o test-while1.exe test-while1.s printbig.o
ld: warning: object file (/var/folders/vy/s1gdxgk96mg67k05glr_bd980000gn/T/test-while1-888e3b.o) was built for newer OSX version (14.5) than being linked (10.10)
./test-while1.exe
diff -b test-while1.out tests/test-while1.out > test-while1.diff
###### SUCCESS

###### Testing test-while2
./microc.native < tests/test-while2.mc > test-while2.ll
llc test-while2.ll > test-while2.s
cc -o test-while2.exe test-while2.s printbig.o
ld: warning: object file (/var/folders/vy/s1gdxgk96mg67k05glr_bd980000gn/T/test-while2-9756b5.o) was built for newer OSX version (14.5) than being linked (10.10)
./test-while2.exe
diff -b test-while2.out tests/test-while2.out > test-while2.diff
###### SUCCESS

###### Testing fail-assign1
./microc.native < tests/fail-assign1.mc 2> fail-assign1.err >> testall.log
diff -b fail-assign1.err tests/fail-assign1.err > fail-assign1.diff
###### SUCCESS

###### Testing fail-assign2
./microc.native < tests/fail-assign2.mc 2> fail-assign2.err >> testall.log
diff -b fail-assign2.err tests/fail-assign2.err > fail-assign2.diff
###### SUCCESS

###### Testing fail-assign3
./microc.native < tests/fail-assign3.mc 2> fail-assign3.err >> testall.log
diff -b fail-assign3.err tests/fail-assign3.err > fail-assign3.diff
###### SUCCESS

###### Testing fail-dead1
./microc.native < tests/fail-dead1.mc 2> fail-dead1.err >> testall.log
diff -b fail-dead1.err tests/fail-dead1.err > fail-dead1.diff
###### SUCCESS

###### Testing fail-dead2
./microc.native < tests/fail-dead2.mc 2> fail-dead2.err >> testall.log
diff -b fail-dead2.err tests/fail-dead2.err > fail-dead2.diff
###### SUCCESS

###### Testing fail-expr1
./microc.native < tests/fail-expr1.mc 2> fail-expr1.err >> testall.log
diff -b fail-expr1.err tests/fail-expr1.err > fail-expr1.diff
###### SUCCESS

###### Testing fail-expr2
./microc.native < tests/fail-expr2.mc 2> fail-expr2.err >> testall.log
diff -b fail-expr2.err tests/fail-expr2.err > fail-expr2.diff
###### SUCCESS

###### Testing fail-for1
./microc.native < tests/fail-for1.mc 2> fail-for1.err >> testall.log
diff -b fail-for1.err tests/fail-for1.err > fail-for1.diff
###### SUCCESS

###### Testing fail-for2
./microc.native < tests/fail-for2.mc 2> fail-for2.err >> testall.log
diff -b fail-for2.err tests/fail-for2.err > fail-for2.diff
###### SUCCESS

###### Testing fail-for3
./microc.native < tests/fail-for3.mc 2> fail-for3.err >> testall.log
diff -b fail-for3.err tests/fail-for3.err > fail-for3.diff
###### SUCCESS

###### Testing fail-for4
./microc.native < tests/fail-for4.mc 2> fail-for4.err >> testall.log
diff -b fail-for4.err tests/fail-for4.err > fail-for4.diff
###### SUCCESS

###### Testing fail-for5
./microc.native < tests/fail-for5.mc 2> fail-for5.err >> testall.log
diff -b fail-for5.err tests/fail-for5.err > fail-for5.diff
###### SUCCESS

###### Testing fail-func1
./microc.native < tests/fail-func1.mc 2> fail-func1.err >> testall.log
diff -b fail-func1.err tests/fail-func1.err > fail-func1.diff
###### SUCCESS

###### Testing fail-func2
./microc.native < tests/fail-func2.mc 2> fail-func2.err >> testall.log
diff -b fail-func2.err tests/fail-func2.err > fail-func2.diff
###### SUCCESS

###### Testing fail-func3
./microc.native < tests/fail-func3.mc 2> fail-func3.err >> testall.log
diff -b fail-func3.err tests/fail-func3.err > fail-func3.diff
###### SUCCESS

###### Testing fail-func4
./microc.native < tests/fail-func4.mc 2> fail-func4.err >> testall.log
diff -b fail-func4.err tests/fail-func4.err > fail-func4.diff
###### SUCCESS

###### Testing fail-func5
./microc.native < tests/fail-func5.mc 2> fail-func5.err >> testall.log
diff -b fail-func5.err tests/fail-func5.err > fail-func5.diff
###### SUCCESS

###### Testing fail-func6
./microc.native < tests/fail-func6.mc 2> fail-func6.err >> testall.log
diff -b fail-func6.err tests/fail-func6.err > fail-func6.diff
###### SUCCESS

###### Testing fail-func7
./microc.native < tests/fail-func7.mc 2> fail-func7.err >> testall.log
diff -b fail-func7.err tests/fail-func7.err > fail-func7.diff
###### SUCCESS

###### Testing fail-func8
./microc.native < tests/fail-func8.mc 2> fail-func8.err >> testall.log
diff -b fail-func8.err tests/fail-func8.err > fail-func8.diff
###### SUCCESS

###### Testing fail-func9
./microc.native < tests/fail-func9.mc 2> fail-func9.err >> testall.log
diff -b fail-func9.err tests/fail-func9.err > fail-func9.diff
###### SUCCESS

###### Testing fail-global1
./microc.native < tests/fail-global1.mc 2> fail-global1.err >> testall.log
diff -b fail-global1.err tests/fail-global1.err > fail-global1.diff
###### SUCCESS

###### Testing fail-global2
./microc.native < tests/fail-global2.mc 2> fail-global2.err >> testall.log
diff -b fail-global2.err tests/fail-global2.err > fail-global2.diff
###### SUCCESS

###### Testing fail-if1
./microc.native < tests/fail-if1.mc 2> fail-if1.err >> testall.log
diff -b fail-if1.err tests/fail-if1.err > fail-if1.diff
###### SUCCESS

###### Testing fail-if2
./microc.native < tests/fail-if2.mc 2> fail-if2.err >> testall.log
diff -b fail-if2.err tests/fail-if2.err > fail-if2.diff
###### SUCCESS

###### Testing fail-if3
./microc.native < tests/fail-if3.mc 2> fail-if3.err >> testall.log
diff -b fail-if3.err tests/fail-if3.err > fail-if3.diff
###### SUCCESS

###### Testing fail-nomain
./microc.native < tests/fail-nomain.mc 2> fail-nomain.err >> testall.log
diff -b fail-nomain.err tests/fail-nomain.err > fail-nomain.diff
###### SUCCESS

###### Testing fail-return1
./microc.native < tests/fail-return1.mc 2> fail-return1.err >> testall.log
diff -b fail-return1.err tests/fail-return1.err > fail-return1.diff
###### SUCCESS

###### Testing fail-return2
./microc.native < tests/fail-return2.mc 2> fail-return2.err >> testall.log
diff -b fail-return2.err tests/fail-return2.err > fail-return2.diff
###### SUCCESS

###### Testing fail-struct1
./microc.native < tests/fail-struct1.mc 2> fail-struct1.err >> testall.log
diff -b fail-struct1.err tests/fail-struct1.err > fail-struct1.diff
###### SUCCESS

###### Testing fail-struct2
./microc.native < tests/fail-struct2.mc 2> fail-struct2.err >> testall.log
diff -b fail-struct2.err tests/fail-struct2.err > fail-struct2.diff
###### SUCCESS

###### Testing fail-struct3
./microc.native < tests/fail-struct3.mc 2> fail-struct3.err >> testall.log
diff -b fail-struct3.err tests/fail-struct3.err > fail-struct3.diff
FAILED fail-struct3.err differs from tests/fail-struct3.err
###### FAILED

###### Testing fail-while1
./microc.native < tests/fail-while1.mc 2> fail-while1.err >> testall.log
diff -b fail-while1.err tests/fail-while1.err > fail-while1.diff
###### SUCCESS

###### Testing fail-while2
./microc.native < tests/fail-while2.mc 2> fail-while2.err >> testall.log
diff -b fail-while2.err tests/fail-while2.err > fail-while2.diff
###### SUCCESS
